<?xml version="1.0" encoding="UTF-8"?>
<!-- Generated by org.testng.reporters.JUnitReportReporter -->
<testsuite hostname="DESKTOP-IGGMB0E" failures="0" tests="1" name="TestNGtwo.class1" time="0.056" errors="0" timestamp="2023-08-11T11:21:35 ADT" skipped="0">
  <testcase classname="TestNGtwo.class1" name="abc" time="0.056"/>
</testsuite> <!-- TestNGtwo.class1 -->
