<?xml version="1.0" encoding="UTF-8"?>
<!-- Generated by org.testng.reporters.JUnitReportReporter -->
<testsuite hostname="DESKTOP-IGGMB0E" failures="0" tests="2" name="TestNGtwo.class2" time="0.010" errors="0" timestamp="2023-08-09T22:30:41 ADT" skipped="0">
  <testcase classname="TestNGtwo.class2" name="xyz" time="0.005"/>
  <testcase classname="TestNGtwo.class2" name="xyz" time="0.005"/>
</testsuite> <!-- TestNGtwo.class2 -->
