<?xml version="1.0" encoding="UTF-8"?>
<!-- Generated by org.testng.reporters.JUnitReportReporter -->
<testsuite hostname="DESKTOP-IGGMB0E" failures="0" tests="10" name="TestNGtwo.InvocationCountDemo" time="0.454" errors="0" timestamp="2023-08-11T12:26:34 ADT" skipped="0">
  <testcase classname="TestNGtwo.InvocationCountDemo" name="test" time="0.015"/>
  <testcase classname="TestNGtwo.InvocationCountDemo" name="test" time="0.023"/>
  <testcase classname="TestNGtwo.InvocationCountDemo" name="test" time="0.013"/>
  <testcase classname="TestNGtwo.InvocationCountDemo" name="test" time="0.197"/>
  <testcase classname="TestNGtwo.InvocationCountDemo" name="test" time="0.048"/>
  <testcase classname="TestNGtwo.InvocationCountDemo" name="test" time="0.012"/>
  <testcase classname="TestNGtwo.InvocationCountDemo" name="test" time="0.021"/>
  <testcase classname="TestNGtwo.InvocationCountDemo" name="test" time="0.060"/>
  <testcase classname="TestNGtwo.InvocationCountDemo" name="test" time="0.055"/>
  <testcase classname="TestNGtwo.InvocationCountDemo" name="test" time="0.010"/>
</testsuite> <!-- TestNGtwo.InvocationCountDemo -->
