<?xml version="1.0" encoding="UTF-8"?>
<!-- Generated by org.testng.reporters.JUnitReportReporter -->
<testsuite hostname="DESKTOP-IGGMB0E" failures="0" tests="4" name="TestNGtwo.paramTest" time="0.125" errors="0" timestamp="2023-08-10T20:54:59 ADT" skipped="0">
  <testcase classname="TestNGtwo.paramTest" name="testLogo" time="0.043"/>
  <testcase classname="TestNGtwo.paramTest" name="testLogo" time="0.058"/>
  <testcase classname="TestNGtwo.paramTest" name="testHomePageTitle" time="0.012"/>
  <testcase classname="TestNGtwo.paramTest" name="testHomePageTitle" time="0.012"/>
</testsuite> <!-- TestNGtwo.paramTest -->
