<?xml version="1.0" encoding="UTF-8"?>
<!-- Generated by org.testng.reporters.JUnitReportReporter -->
<testsuite hostname="DESKTOP-IGGMB0E" failures="0" tests="4" name="TestNG.NewTest3" time="45.410" errors="0" timestamp="2024-01-03T16:25:32 AST" skipped="0">
  <testcase classname="TestNG.NewTest3" name="login" time="7.408"/>
  <testcase classname="TestNG.NewTest3" name="employeeInformation" time="6.750"/>
  <testcase classname="TestNG.NewTest3" name="addNewEmployee" time="16.017"/>
  <testcase classname="TestNG.NewTest3" name="editEmployeeInformation" time="15.235"/>
</testsuite> <!-- TestNG.NewTest3 -->
