<?xml version="1.0" encoding="UTF-8"?>
<!-- Generated by org.testng.reporters.JUnitReportReporter -->
<testsuite hostname="DESKTOP-IGGMB0E" failures="0" tests="2" name="TestNG.NewTest" time="0.052" errors="0" timestamp="2023-08-09T21:56:34 ADT" skipped="0">
  <testcase classname="TestNG.NewTest" name="search" time="0.041"/>
  <testcase classname="TestNG.NewTest" name="advancedSearch" time="0.011"/>
</testsuite> <!-- TestNG.NewTest -->
