<?xml version="1.0" encoding="UTF-8"?>
<!-- Generated by org.testng.reporters.JUnitReportReporter -->
<testsuite hostname="DESKTOP-IGGMB0E" failures="0" tests="1" name="TestNGtwo.HardAssertions" time="0.023" errors="0" timestamp="2023-08-10T15:28:17 ADT" skipped="0">
  <testcase classname="TestNGtwo.HardAssertions" name="test" time="0.023"/>
</testsuite> <!-- TestNGtwo.HardAssertions -->
