<?xml version="1.0" encoding="UTF-8"?>
<!-- Generated by org.testng.reporters.JUnitReportReporter -->
<testsuite hostname="DESKTOP-IGGMB0E" failures="0" tests="2" name="TestNG.NewTest2" time="0.027" errors="0" timestamp="2023-08-09T22:00:23 ADT" skipped="0">
  <testcase classname="TestNG.NewTest2" name="search" time="0.012"/>
  <testcase classname="TestNG.NewTest2" name="advancedSearch" time="0.015"/>
</testsuite> <!-- TestNG.NewTest2 -->
