<?xml version="1.0" encoding="UTF-8"?>
<!-- Generated by org.testng.reporters.JUnitReportReporter -->
<testsuite hostname="DESKTOP-IGGMB0E" failures="0" tests="3" name="TestNGtwo.Grouping" time="0.130" errors="0" timestamp="2023-08-11T11:59:18 ADT" skipped="0">
  <testcase classname="TestNGtwo.Grouping" name="loginByfacebook" time="0.082"/>
  <testcase classname="TestNGtwo.Grouping" name="loginBytwitter" time="0.012"/>
  <testcase classname="TestNGtwo.Grouping" name="paymentinrupees" time="0.036"/>
</testsuite> <!-- TestNGtwo.Grouping -->
