<?xml version="1.0" encoding="UTF-8"?>
<!-- Generated by org.testng.reporters.JUnitReportReporter -->
<testsuite hostname="DESKTOP-IGGMB0E" failures="0" tests="2" name="TestNGtwo.Allannotations" time="0.052" errors="0" timestamp="2023-08-20T15:15:07 ADT" skipped="0">
  <testcase classname="TestNGtwo.Allannotations" name="xyz" time="0.009"/>
  <testcase classname="TestNGtwo.Allannotations" name="abc" time="0.043"/>
</testsuite> <!-- TestNGtwo.Allannotations -->
